<?xml version="1.0" encoding="UTF-8"?>
<testng-results ignored="0" total="1" passed="0" failed="0" skipped="1">
  <reporter-output>
  </reporter-output>
  <suite started-at="2025-12-04T03:19:36 IST" name="LambdaTest Mobile Suite" finished-at="2025-12-04T03:19:40 IST" duration-ms="4087">
    <groups>
    </groups>
    <test started-at="2025-12-04T03:19:36 IST" name="Connection Test" finished-at="2025-12-04T03:19:40 IST" duration-ms="4087">
      <class name="com.raghavendra.lambdatest.tests.ConnectionTest">
        <test-method is-config="true" signature="setUp()[pri:0, instance:com.raghavendra.lambdatest.tests.ConnectionTest@130161f7]" started-at="2025-12-04T03:19:36 IST" name="setUp" finished-at="2025-12-04T03:19:40 IST" duration-ms="4048" status="FAIL">
          <exception class="org.openqa.selenium.SessionNotCreatedException">
            <message>
              <![CDATA[Could not start a new session. Response code 500. Message: ba74bbcdf1a2a294c59320fa65f3a66f: Oops! We are unable to process your test at the moment. Please try again after sometime. 
Host info: host: 'RAGHAVENDRAIL', ip: '192.168.0.11'
Build info: version: '4.25.0', revision: '8a8aea2337'
System info: os.name: 'Windows 11', os.arch: 'amd64', os.version: '10.0', java.version: '21.0.3'
Driver info: io.appium.java_client.android.AndroidDriver
Command: [null, newSession {desiredCapabilities=Capabilities {app: lt://APP1016060671764797351..., build: LambdaTest Mobile Assignment, deviceName: Galaxy S11, isRealMobile: true, name: SpeedTest Connection Test, platformName: ANDROID, platformVersion: 12}, capabilities=[{appium:name=SpeedTest Connection Test, appium:isRealMobile=true, appium:platformVersion=12, appium:app=lt://APP1016060671764797351937344, appium:deviceName=Galaxy S11, platformName=ANDROID, appium:build=LambdaTest Mobile Assignment}]}]
Capabilities {app: lt://APP1016060671764797351..., build: LambdaTest Mobile Assignment, deviceName: Galaxy S11, isRealMobile: true, name: SpeedTest Connection Test, platformName: ANDROID, platformVersion: 12}]]>
            </message>
            <full-stacktrace>
              <![CDATA[org.openqa.selenium.SessionNotCreatedException: Could not start a new session. Response code 500. Message: ba74bbcdf1a2a294c59320fa65f3a66f: Oops! We are unable to process your test at the moment. Please try again after sometime. 
Host info: host: 'RAGHAVENDRAIL', ip: '192.168.0.11'
Build info: version: '4.25.0', revision: '8a8aea2337'
System info: os.name: 'Windows 11', os.arch: 'amd64', os.version: '10.0', java.version: '21.0.3'
Driver info: io.appium.java_client.android.AndroidDriver
Command: [null, newSession {desiredCapabilities=Capabilities {app: lt://APP1016060671764797351..., build: LambdaTest Mobile Assignment, deviceName: Galaxy S11, isRealMobile: true, name: SpeedTest Connection Test, platformName: ANDROID, platformVersion: 12}, capabilities=[{appium:name=SpeedTest Connection Test, appium:isRealMobile=true, appium:platformVersion=12, appium:app=lt://APP1016060671764797351937344, appium:deviceName=Galaxy S11, platformName=ANDROID, appium:build=LambdaTest Mobile Assignment}]}]
Capabilities {app: lt://APP1016060671764797351..., build: LambdaTest Mobile Assignment, deviceName: Galaxy S11, isRealMobile: true, name: SpeedTest Connection Test, platformName: ANDROID, platformVersion: 12}
at org.openqa.selenium.remote.ProtocolHandshake.createSession(ProtocolHandshake.java:114)
at java.base/jdk.internal.reflect.DirectMethodHandleAccessor.invoke(DirectMethodHandleAccessor.java:103)
at java.base/java.lang.reflect.Method.invoke(Method.java:580)
at io.appium.java_client.remote.AppiumProtocolHandshake.createSession(AppiumProtocolHandshake.java:116)
at io.appium.java_client.remote.AppiumProtocolHandshake.createSession(AppiumProtocolHandshake.java:96)
at io.appium.java_client.remote.AppiumCommandExecutor.createSession(AppiumCommandExecutor.java:176)
at io.appium.java_client.remote.AppiumCommandExecutor.execute(AppiumCommandExecutor.java:237)
at org.openqa.selenium.remote.RemoteWebDriver.execute(RemoteWebDriver.java:545)
at io.appium.java_client.AppiumDriver.startSession(AppiumDriver.java:268)
at org.openqa.selenium.remote.RemoteWebDriver.<init>(RemoteWebDriver.java:174)
at io.appium.java_client.AppiumDriver.<init>(AppiumDriver.java:90)
at io.appium.java_client.AppiumDriver.<init>(AppiumDriver.java:102)
at io.appium.java_client.android.AndroidDriver.<init>(AndroidDriver.java:109)
at com.raghavendra.lambdatest.base.DriverFactory.initDriver(DriverFactory.java:35)
at com.raghavendra.lambdatest.tests.BaseTest.setUp(BaseTest.java:12)
at java.base/jdk.internal.reflect.DirectMethodHandleAccessor.invoke(DirectMethodHandleAccessor.java:103)
at java.base/java.lang.reflect.Method.invoke(Method.java:580)
at org.testng.internal.invokers.MethodInvocationHelper.invokeMethod(MethodInvocationHelper.java:141)
at org.testng.internal.invokers.MethodInvocationHelper.invokeMethodConsideringTimeout(MethodInvocationHelper.java:71)
at org.testng.internal.invokers.ConfigInvoker.invokeConfigurationMethod(ConfigInvoker.java:400)
at org.testng.internal.invokers.ConfigInvoker.invokeConfigurations(ConfigInvoker.java:333)
at org.testng.internal.invokers.TestInvoker.runConfigMethods(TestInvoker.java:833)
at org.testng.internal.invokers.TestInvoker.invokeMethod(TestInvoker.java:600)
at org.testng.internal.invokers.TestInvoker.invokeTestMethod(TestInvoker.java:230)
at org.testng.internal.invokers.MethodRunner.runInSequence(MethodRunner.java:63)
at org.testng.internal.invokers.TestInvoker$MethodInvocationAgent.invoke(TestInvoker.java:992)
at org.testng.internal.invokers.TestInvoker.invokeTestMethods(TestInvoker.java:203)
at org.testng.internal.invokers.TestMethodWorker.invokeTestMethods(TestMethodWorker.java:154)
at org.testng.internal.invokers.TestMethodWorker.run(TestMethodWorker.java:134)
at java.base/java.util.ArrayList.forEach(ArrayList.java:1596)
at org.testng.TestRunner.privateRun(TestRunner.java:739)
at org.testng.TestRunner.run(TestRunner.java:614)
at org.testng.SuiteRunner.runTest(SuiteRunner.java:421)
at org.testng.SuiteRunner.runSequentially(SuiteRunner.java:413)
at org.testng.SuiteRunner.privateRun(SuiteRunner.java:373)
at org.testng.SuiteRunner.run(SuiteRunner.java:312)
at org.testng.SuiteRunnerWorker.runSuite(SuiteRunnerWorker.java:52)
at org.testng.SuiteRunnerWorker.run(SuiteRunnerWorker.java:95)
at org.testng.TestNG.runSuitesSequentially(TestNG.java:1274)
at org.testng.TestNG.runSuitesLocally(TestNG.java:1208)
at org.testng.TestNG.runSuites(TestNG.java:1112)
at org.testng.TestNG.run(TestNG.java:1079)
at org.apache.maven.surefire.testng.TestNGExecutor.run(TestNGExecutor.java:308)
at org.apache.maven.surefire.testng.TestNGXmlTestSuite.execute(TestNGXmlTestSuite.java:71)
at org.apache.maven.surefire.testng.TestNGProvider.invoke(TestNGProvider.java:113)
at org.apache.maven.surefire.booter.ForkedBooter.runSuitesInProcess(ForkedBooter.java:385)
at org.apache.maven.surefire.booter.ForkedBooter.execute(ForkedBooter.java:162)
at org.apache.maven.surefire.booter.ForkedBooter.run(ForkedBooter.java:507)
at org.apache.maven.surefire.booter.ForkedBooter.main(ForkedBooter.java:495)
]]>
            </full-stacktrace>
          </exception> <!-- org.openqa.selenium.SessionNotCreatedException -->
          <reporter-output>
          </reporter-output>
        </test-method> <!-- setUp -->
        <test-method signature="verifyAppLaunchesOnLambdaTest()[pri:0, instance:com.raghavendra.lambdatest.tests.ConnectionTest@130161f7]" started-at="2025-12-04T03:19:40 IST" name="verifyAppLaunchesOnLambdaTest" finished-at="2025-12-04T03:19:40 IST" duration-ms="0" status="SKIP">
          <exception class="org.openqa.selenium.SessionNotCreatedException">
            <message>
              <![CDATA[Could not start a new session. Response code 500. Message: ba74bbcdf1a2a294c59320fa65f3a66f: Oops! We are unable to process your test at the moment. Please try again after sometime. 
Host info: host: 'RAGHAVENDRAIL', ip: '192.168.0.11'
Build info: version: '4.25.0', revision: '8a8aea2337'
System info: os.name: 'Windows 11', os.arch: 'amd64', os.version: '10.0', java.version: '21.0.3'
Driver info: io.appium.java_client.android.AndroidDriver
Command: [null, newSession {desiredCapabilities=Capabilities {app: lt://APP1016060671764797351..., build: LambdaTest Mobile Assignment, deviceName: Galaxy S11, isRealMobile: true, name: SpeedTest Connection Test, platformName: ANDROID, platformVersion: 12}, capabilities=[{appium:name=SpeedTest Connection Test, appium:isRealMobile=true, appium:platformVersion=12, appium:app=lt://APP1016060671764797351937344, appium:deviceName=Galaxy S11, platformName=ANDROID, appium:build=LambdaTest Mobile Assignment}]}]
Capabilities {app: lt://APP1016060671764797351..., build: LambdaTest Mobile Assignment, deviceName: Galaxy S11, isRealMobile: true, name: SpeedTest Connection Test, platformName: ANDROID, platformVersion: 12}]]>
            </message>
            <full-stacktrace>
              <![CDATA[org.openqa.selenium.SessionNotCreatedException: Could not start a new session. Response code 500. Message: ba74bbcdf1a2a294c59320fa65f3a66f: Oops! We are unable to process your test at the moment. Please try again after sometime. 
Host info: host: 'RAGHAVENDRAIL', ip: '192.168.0.11'
Build info: version: '4.25.0', revision: '8a8aea2337'
System info: os.name: 'Windows 11', os.arch: 'amd64', os.version: '10.0', java.version: '21.0.3'
Driver info: io.appium.java_client.android.AndroidDriver
Command: [null, newSession {desiredCapabilities=Capabilities {app: lt://APP1016060671764797351..., build: LambdaTest Mobile Assignment, deviceName: Galaxy S11, isRealMobile: true, name: SpeedTest Connection Test, platformName: ANDROID, platformVersion: 12}, capabilities=[{appium:name=SpeedTest Connection Test, appium:isRealMobile=true, appium:platformVersion=12, appium:app=lt://APP1016060671764797351937344, appium:deviceName=Galaxy S11, platformName=ANDROID, appium:build=LambdaTest Mobile Assignment}]}]
Capabilities {app: lt://APP1016060671764797351..., build: LambdaTest Mobile Assignment, deviceName: Galaxy S11, isRealMobile: true, name: SpeedTest Connection Test, platformName: ANDROID, platformVersion: 12}
at org.openqa.selenium.remote.ProtocolHandshake.createSession(ProtocolHandshake.java:114)
at java.base/jdk.internal.reflect.DirectMethodHandleAccessor.invoke(DirectMethodHandleAccessor.java:103)
at java.base/java.lang.reflect.Method.invoke(Method.java:580)
at io.appium.java_client.remote.AppiumProtocolHandshake.createSession(AppiumProtocolHandshake.java:116)
at io.appium.java_client.remote.AppiumProtocolHandshake.createSession(AppiumProtocolHandshake.java:96)
at io.appium.java_client.remote.AppiumCommandExecutor.createSession(AppiumCommandExecutor.java:176)
at io.appium.java_client.remote.AppiumCommandExecutor.execute(AppiumCommandExecutor.java:237)
at org.openqa.selenium.remote.RemoteWebDriver.execute(RemoteWebDriver.java:545)
at io.appium.java_client.AppiumDriver.startSession(AppiumDriver.java:268)
at org.openqa.selenium.remote.RemoteWebDriver.<init>(RemoteWebDriver.java:174)
at io.appium.java_client.AppiumDriver.<init>(AppiumDriver.java:90)
at io.appium.java_client.AppiumDriver.<init>(AppiumDriver.java:102)
at io.appium.java_client.android.AndroidDriver.<init>(AndroidDriver.java:109)
at com.raghavendra.lambdatest.base.DriverFactory.initDriver(DriverFactory.java:35)
at com.raghavendra.lambdatest.tests.BaseTest.setUp(BaseTest.java:12)
at java.base/jdk.internal.reflect.DirectMethodHandleAccessor.invoke(DirectMethodHandleAccessor.java:103)
at java.base/java.lang.reflect.Method.invoke(Method.java:580)
at org.testng.internal.invokers.MethodInvocationHelper.invokeMethod(MethodInvocationHelper.java:141)
at org.testng.internal.invokers.MethodInvocationHelper.invokeMethodConsideringTimeout(MethodInvocationHelper.java:71)
at org.testng.internal.invokers.ConfigInvoker.invokeConfigurationMethod(ConfigInvoker.java:400)
at org.testng.internal.invokers.ConfigInvoker.invokeConfigurations(ConfigInvoker.java:333)
at org.testng.internal.invokers.TestInvoker.runConfigMethods(TestInvoker.java:833)
at org.testng.internal.invokers.TestInvoker.invokeMethod(TestInvoker.java:600)
at org.testng.internal.invokers.TestInvoker.invokeTestMethod(TestInvoker.java:230)
at org.testng.internal.invokers.MethodRunner.runInSequence(MethodRunner.java:63)
at org.testng.internal.invokers.TestInvoker$MethodInvocationAgent.invoke(TestInvoker.java:992)
at org.testng.internal.invokers.TestInvoker.invokeTestMethods(TestInvoker.java:203)
at org.testng.internal.invokers.TestMethodWorker.invokeTestMethods(TestMethodWorker.java:154)
at org.testng.internal.invokers.TestMethodWorker.run(TestMethodWorker.java:134)
at java.base/java.util.ArrayList.forEach(ArrayList.java:1596)
at org.testng.TestRunner.privateRun(TestRunner.java:739)
at org.testng.TestRunner.run(TestRunner.java:614)
at org.testng.SuiteRunner.runTest(SuiteRunner.java:421)
at org.testng.SuiteRunner.runSequentially(SuiteRunner.java:413)
at org.testng.SuiteRunner.privateRun(SuiteRunner.java:373)
at org.testng.SuiteRunner.run(SuiteRunner.java:312)
at org.testng.SuiteRunnerWorker.runSuite(SuiteRunnerWorker.java:52)
at org.testng.SuiteRunnerWorker.run(SuiteRunnerWorker.java:95)
at org.testng.TestNG.runSuitesSequentially(TestNG.java:1274)
at org.testng.TestNG.runSuitesLocally(TestNG.java:1208)
at org.testng.TestNG.runSuites(TestNG.java:1112)
at org.testng.TestNG.run(TestNG.java:1079)
at org.apache.maven.surefire.testng.TestNGExecutor.run(TestNGExecutor.java:308)
at org.apache.maven.surefire.testng.TestNGXmlTestSuite.execute(TestNGXmlTestSuite.java:71)
at org.apache.maven.surefire.testng.TestNGProvider.invoke(TestNGProvider.java:113)
at org.apache.maven.surefire.booter.ForkedBooter.runSuitesInProcess(ForkedBooter.java:385)
at org.apache.maven.surefire.booter.ForkedBooter.execute(ForkedBooter.java:162)
at org.apache.maven.surefire.booter.ForkedBooter.run(ForkedBooter.java:507)
at org.apache.maven.surefire.booter.ForkedBooter.main(ForkedBooter.java:495)
]]>
            </full-stacktrace>
          </exception> <!-- org.openqa.selenium.SessionNotCreatedException -->
          <reporter-output>
          </reporter-output>
        </test-method> <!-- verifyAppLaunchesOnLambdaTest -->
        <test-method is-config="true" signature="tearDown()[pri:0, instance:com.raghavendra.lambdatest.tests.ConnectionTest@130161f7]" started-at="2025-12-04T03:19:40 IST" name="tearDown" finished-at="2025-12-04T03:19:40 IST" duration-ms="0" status="SKIP">
          <reporter-output>
          </reporter-output>
        </test-method> <!-- tearDown -->
      </class> <!-- com.raghavendra.lambdatest.tests.ConnectionTest -->
    </test> <!-- Connection Test -->
  </suite> <!-- LambdaTest Mobile Suite -->
</testng-results>
