<?xml version="1.0" encoding="UTF-8"?>
<testsuite xmlns:xsi="http://www.w3.org/2001/XMLSchema-instance" xsi:noNamespaceSchemaLocation="https://maven.apache.org/surefire/maven-surefire-plugin/xsd/surefire-test-report-3.0.xsd" version="3.0" name="TestSuite" time="124.009" tests="5" errors="0" skipped="0" failures="4">
  <properties>
[...]
</properties>
  <testcase name="combinedSpeedTest" classname="tests.CombinedTest" time="25.165">
    <failure message="An element could not be located on the page using the given search parameters.&#10;For documentation on this error, please visit: https://www.selenium.dev/documentation/webdriver/troubleshooting/errors#no-such-element-exception&#10;Build info: version: &apos;4.15.0&apos;, revision: &apos;1d14b5521b&apos;&#10;System info: os.name: &apos;Windows 11&apos;, os.arch: &apos;amd64&apos;, os.version: &apos;10.0&apos;, java.version: &apos;21.0.3&apos;&#10;Driver info: io.appium.java_client.android.AndroidDriver&#10;Command: [8d73e0a1-8b64-408a-9db3-345c5cfee26d, findElement {using=id, value=com.lambdatest.proverbial:id/browser}]&#10;Capabilities {appium:adbExecTimeout: 120000, appium:appActivity: com.example.QAapp.SplashScr..., appium:appPackage: com.example.QAapp, appium:autoAcceptAlerts: true, appium:automationName: uiautomator2, appium:chromeOptions: {args: []}, appium:chromedriverExecutableDir: /appium/assets/drivers/chro..., appium:chromedriverPorts: [[11001, 11049]], appium:databaseEnabled: false, appium:desired: {adbExecTimeout: 120000, appActivity: com.example.QAapp.SplashScr..., appPackage: com.example.QAapp, autoAcceptAlerts: true, automationName: uiautomator2, chromeOptions: {args: []}, chromedriverExecutableDir: /appium/assets/drivers/chro..., chromedriverPorts: [[11001, 11049]], deviceName: Pixel 7, enableWebviewDetailsCollection: false, ensureWebviewsHavePages: false, headless: false, mode: cloud, nativeWebScreenshot: true, newCommandTimeout: 0, orientation: PORTRAIT, platformName: android, platformVersion: 13, systemPort: 12109, udid: 2A101FDH200FGD, uiautomator2ServerLaunchTimeout: 60000, waitForQuiescence: false}, appium:deviceApiLevel: 33, appium:deviceManufacturer: Google, appium:deviceModel: Pixel 7, appium:deviceName: 2A101FDH200FGD, appium:deviceScreenDensity: 420, appium:deviceScreenSize: 1080x2400, appium:deviceUDID: 2A101FDH200FGD, appium:enableWebviewDetailsCollection: false, appium:ensureWebviewsHavePages: false, appium:headless: false, appium:javascriptEnabled: true, appium:locationContextEnabled: false, appium:mode: cloud, appium:nativeWebScreenshot: true, appium:networkConnectionEnabled: true, appium:newCommandTimeout: 0, appium:orientation: PORTRAIT, appium:pixelRatio: 2.625, appium:platformVersion: 13, appium:statBarHeight: 136, appium:systemPort: 12109, appium:takesScreenshot: true, appium:udid: 2A101FDH200FGD, appium:uiautomator2ServerLaunchTimeout: 60000, appium:viewportRect: {height: 2002, left: 0, top: 136, width: 1080}, appium:waitForQuiescence: false, appium:warnings: {}, appium:webStorageEnabled: false, platformName: ANDROID}&#10;Session ID: 8d73e0a1-8b64-408a-9db3-345c5cfee26d" type="org.openqa.selenium.NoSuchElementException"><![CDATA[org.openqa.selenium.NoSuchElementException: 
An element could not be located on the page using the given search parameters.
For documentation on this error, please visit: https://www.selenium.dev/documentation/webdriver/troubleshooting/errors#no-such-element-exception
Build info: version: '4.15.0', revision: '1d14b5521b'
System info: os.name: 'Windows 11', os.arch: 'amd64', os.version: '10.0', java.version: '21.0.3'
Driver info: io.appium.java_client.android.AndroidDriver
Command: [8d73e0a1-8b64-408a-9db3-345c5cfee26d, findElement {using=id, value=com.lambdatest.proverbial:id/browser}]
Capabilities {appium:adbExecTimeout: 120000, appium:appActivity: com.example.QAapp.SplashScr..., appium:appPackage: com.example.QAapp, appium:autoAcceptAlerts: true, appium:automationName: uiautomator2, appium:chromeOptions: {args: []}, appium:chromedriverExecutableDir: /appium/assets/drivers/chro..., appium:chromedriverPorts: [[11001, 11049]], appium:databaseEnabled: false, appium:desired: {adbExecTimeout: 120000, appActivity: com.example.QAapp.SplashScr..., appPackage: com.example.QAapp, autoAcceptAlerts: true, automationName: uiautomator2, chromeOptions: {args: []}, chromedriverExecutableDir: /appium/assets/drivers/chro..., chromedriverPorts: [[11001, 11049]], deviceName: Pixel 7, enableWebviewDetailsCollection: false, ensureWebviewsHavePages: false, headless: false, mode: cloud, nativeWebScreenshot: true, newCommandTimeout: 0, orientation: PORTRAIT, platformName: android, platformVersion: 13, systemPort: 12109, udid: 2A101FDH200FGD, uiautomator2ServerLaunchTimeout: 60000, waitForQuiescence: false}, appium:deviceApiLevel: 33, appium:deviceManufacturer: Google, appium:deviceModel: Pixel 7, appium:deviceName: 2A101FDH200FGD, appium:deviceScreenDensity: 420, appium:deviceScreenSize: 1080x2400, appium:deviceUDID: 2A101FDH200FGD, appium:enableWebviewDetailsCollection: false, appium:ensureWebviewsHavePages: false, appium:headless: false, appium:javascriptEnabled: true, appium:locationContextEnabled: false, appium:mode: cloud, appium:nativeWebScreenshot: true, appium:networkConnectionEnabled: true, appium:newCommandTimeout: 0, appium:orientation: PORTRAIT, appium:pixelRatio: 2.625, appium:platformVersion: 13, appium:statBarHeight: 136, appium:systemPort: 12109, appium:takesScreenshot: true, appium:udid: 2A101FDH200FGD, appium:uiautomator2ServerLaunchTimeout: 60000, appium:viewportRect: {height: 2002, left: 0, top: 136, width: 1080}, appium:waitForQuiescence: false, appium:warnings: {}, appium:webStorageEnabled: false, platformName: ANDROID}
Session ID: 8d73e0a1-8b64-408a-9db3-345c5cfee26d
	at java.base/jdk.internal.reflect.DirectConstructorHandleAccessor.newInstance(DirectConstructorHandleAccessor.java:62)
	at java.base/java.lang.reflect.Constructor.newInstanceWithCaller(Constructor.java:502)
	at java.base/java.lang.reflect.Constructor.newInstance(Constructor.java:486)
	at org.openqa.selenium.remote.codec.w3c.W3CHttpResponseCodec.createException(W3CHttpResponseCodec.java:200)
	at org.openqa.selenium.remote.codec.w3c.W3CHttpResponseCodec.decode(W3CHttpResponseCodec.java:133)
	at org.openqa.selenium.remote.codec.w3c.W3CHttpResponseCodec.decode(W3CHttpResponseCodec.java:52)
	at org.openqa.selenium.remote.HttpCommandExecutor.execute(HttpCommandExecutor.java:191)
	at io.appium.java_client.remote.AppiumCommandExecutor.execute(AppiumCommandExecutor.java:237)
	at org.openqa.selenium.remote.RemoteWebDriver.execute(RemoteWebDriver.java:607)
	at org.openqa.selenium.remote.ElementLocation$ElementFinder$2.findElement(ElementLocation.java:165)
	at org.openqa.selenium.remote.ElementLocation.findElement(ElementLocation.java:66)
	at org.openqa.selenium.remote.RemoteWebDriver.findElement(RemoteWebDriver.java:364)
	at org.openqa.selenium.remote.RemoteWebDriver.findElement(RemoteWebDriver.java:358)
	at pages.SpeedTestPage.openBrowser(SpeedTestPage.java:27)
	at tests.CombinedTest.combinedSpeedTest(CombinedTest.java:16)
	at java.base/jdk.internal.reflect.DirectMethodHandleAccessor.invoke(DirectMethodHandleAccessor.java:103)
	at java.base/java.lang.reflect.Method.invoke(Method.java:580)
	at org.testng.internal.invokers.MethodInvocationHelper.invokeMethod(MethodInvocationHelper.java:139)
	at org.testng.internal.invokers.TestInvoker.invokeMethod(TestInvoker.java:664)
	at org.testng.internal.invokers.TestInvoker.invokeTestMethod(TestInvoker.java:228)
	at org.testng.internal.invokers.MethodRunner.runInSequence(MethodRunner.java:63)
	at org.testng.internal.invokers.TestInvoker$MethodInvocationAgent.invoke(TestInvoker.java:961)
	at org.testng.internal.invokers.TestInvoker.invokeTestMethods(TestInvoker.java:201)
	at org.testng.internal.invokers.TestMethodWorker.invokeTestMethods(TestMethodWorker.java:148)
	at org.testng.internal.invokers.TestMethodWorker.run(TestMethodWorker.java:128)
	at java.base/java.util.ArrayList.forEach(ArrayList.java:1596)
	at org.testng.TestRunner.privateRun(TestRunner.java:819)
	at org.testng.TestRunner.run(TestRunner.java:619)
	at org.testng.SuiteRunner.runTest(SuiteRunner.java:443)
	at org.testng.SuiteRunner.runSequentially(SuiteRunner.java:437)
	at org.testng.SuiteRunner.privateRun(SuiteRunner.java:397)
	at org.testng.SuiteRunner.run(SuiteRunner.java:336)
	at org.testng.SuiteRunnerWorker.runSuite(SuiteRunnerWorker.java:52)
	at org.testng.SuiteRunnerWorker.run(SuiteRunnerWorker.java:95)
	at org.testng.TestNG.runSuitesSequentially(TestNG.java:1301)
	at org.testng.TestNG.runSuitesLocally(TestNG.java:1228)
	at org.testng.TestNG.runSuites(TestNG.java:1134)
	at org.testng.TestNG.run(TestNG.java:1101)
	at org.apache.maven.surefire.testng.TestNGExecutor.run(TestNGExecutor.java:155)
	at org.apache.maven.surefire.testng.TestNGDirectoryTestSuite.executeMulti(TestNGDirectoryTestSuite.java:169)
	at org.apache.maven.surefire.testng.TestNGDirectoryTestSuite.execute(TestNGDirectoryTestSuite.java:88)
	at org.apache.maven.surefire.testng.TestNGProvider.invoke(TestNGProvider.java:137)
	at org.apache.maven.surefire.booter.ForkedBooter.runSuitesInProcess(ForkedBooter.java:385)
	at org.apache.maven.surefire.booter.ForkedBooter.execute(ForkedBooter.java:162)
	at org.apache.maven.surefire.booter.ForkedBooter.run(ForkedBooter.java:507)
	at org.apache.maven.surefire.booter.ForkedBooter.main(ForkedBooter.java:495)
]]></failure>
    <system-out><![CDATA[STEP 1: Preparing Appium LT:Options
STEP 2: Attaching LT:Options to DesiredCapabilities
STEP 3: Creating Appium session...
SESSION CREATED!
Session ID = 8d73e0a1-8b64-408a-9db3-345c5cfee26d
]]></system-out>
    <system-err><![CDATA[SLF4J(W): No SLF4J providers were found.
SLF4J(W): Defaulting to no-operation (NOP) logger implementation
SLF4J(W): See https://www.slf4j.org/codes.html#noProviders for further details.
]]></system-err>
  </testcase>
  <testcase name="testConnection" classname="tests.ConnectionTest" time="28.158">
    <system-out><![CDATA[STEP 1: Preparing Appium lt:options
STEP 2: Creating session...
SESSION CREATED!
Session ID = c14856b7-cabd-4c9b-b590-10afd59296f0
]]></system-out>
  </testcase>
  <testcase name="downloadSpeedTest" classname="tests.DownloadTest" time="23.462">
    <failure message="An element could not be located on the page using the given search parameters.&#10;For documentation on this error, please visit: https://www.selenium.dev/documentation/webdriver/troubleshooting/errors#no-such-element-exception&#10;Build info: version: &apos;4.15.0&apos;, revision: &apos;1d14b5521b&apos;&#10;System info: os.name: &apos;Windows 11&apos;, os.arch: &apos;amd64&apos;, os.version: &apos;10.0&apos;, java.version: &apos;21.0.3&apos;&#10;Driver info: io.appium.java_client.android.AndroidDriver&#10;Command: [d61ec12f-4844-4042-b95a-3670fe273c0f, findElement {using=id, value=com.lambdatest.proverbial:id/browser}]&#10;Capabilities {appium:adbExecTimeout: 120000, appium:appActivity: com.example.QAapp.SplashScr..., appium:appPackage: com.example.QAapp, appium:autoAcceptAlerts: true, appium:automationName: uiautomator2, appium:chromeOptions: {args: []}, appium:chromedriverExecutableDir: /appium/assets/drivers/chro..., appium:chromedriverPorts: [[11001, 11049]], appium:databaseEnabled: false, appium:desired: {adbExecTimeout: 120000, appActivity: com.example.QAapp.SplashScr..., appPackage: com.example.QAapp, autoAcceptAlerts: true, automationName: uiautomator2, chromeOptions: {args: []}, chromedriverExecutableDir: /appium/assets/drivers/chro..., chromedriverPorts: [[11001, 11049]], deviceName: Pixel 7, enableWebviewDetailsCollection: false, ensureWebviewsHavePages: false, headless: false, mode: cloud, nativeWebScreenshot: true, newCommandTimeout: 0, orientation: PORTRAIT, platformName: android, platformVersion: 13, systemPort: 12391, udid: 35091FDH2007FA, uiautomator2ServerLaunchTimeout: 60000, waitForQuiescence: false}, appium:deviceApiLevel: 33, appium:deviceManufacturer: Google, appium:deviceModel: Pixel 7, appium:deviceName: 35091FDH2007FA, appium:deviceScreenDensity: 420, appium:deviceScreenSize: 1080x2400, appium:deviceUDID: 35091FDH2007FA, appium:enableWebviewDetailsCollection: false, appium:ensureWebviewsHavePages: false, appium:headless: false, appium:javascriptEnabled: true, appium:locationContextEnabled: false, appium:mode: cloud, appium:nativeWebScreenshot: true, appium:networkConnectionEnabled: true, appium:newCommandTimeout: 0, appium:orientation: PORTRAIT, appium:pixelRatio: 2.625, appium:platformVersion: 13, appium:statBarHeight: 136, appium:systemPort: 12391, appium:takesScreenshot: true, appium:udid: 35091FDH2007FA, appium:uiautomator2ServerLaunchTimeout: 60000, appium:viewportRect: {height: 2002, left: 0, top: 136, width: 1080}, appium:waitForQuiescence: false, appium:warnings: {}, appium:webStorageEnabled: false, platformName: ANDROID}&#10;Session ID: d61ec12f-4844-4042-b95a-3670fe273c0f" type="org.openqa.selenium.NoSuchElementException"><![CDATA[org.openqa.selenium.NoSuchElementException: 
An element could not be located on the page using the given search parameters.
For documentation on this error, please visit: https://www.selenium.dev/documentation/webdriver/troubleshooting/errors#no-such-element-exception
Build info: version: '4.15.0', revision: '1d14b5521b'
System info: os.name: 'Windows 11', os.arch: 'amd64', os.version: '10.0', java.version: '21.0.3'
Driver info: io.appium.java_client.android.AndroidDriver
Command: [d61ec12f-4844-4042-b95a-3670fe273c0f, findElement {using=id, value=com.lambdatest.proverbial:id/browser}]
Capabilities {appium:adbExecTimeout: 120000, appium:appActivity: com.example.QAapp.SplashScr..., appium:appPackage: com.example.QAapp, appium:autoAcceptAlerts: true, appium:automationName: uiautomator2, appium:chromeOptions: {args: []}, appium:chromedriverExecutableDir: /appium/assets/drivers/chro..., appium:chromedriverPorts: [[11001, 11049]], appium:databaseEnabled: false, appium:desired: {adbExecTimeout: 120000, appActivity: com.example.QAapp.SplashScr..., appPackage: com.example.QAapp, autoAcceptAlerts: true, automationName: uiautomator2, chromeOptions: {args: []}, chromedriverExecutableDir: /appium/assets/drivers/chro..., chromedriverPorts: [[11001, 11049]], deviceName: Pixel 7, enableWebviewDetailsCollection: false, ensureWebviewsHavePages: false, headless: false, mode: cloud, nativeWebScreenshot: true, newCommandTimeout: 0, orientation: PORTRAIT, platformName: android, platformVersion: 13, systemPort: 12391, udid: 35091FDH2007FA, uiautomator2ServerLaunchTimeout: 60000, waitForQuiescence: false}, appium:deviceApiLevel: 33, appium:deviceManufacturer: Google, appium:deviceModel: Pixel 7, appium:deviceName: 35091FDH2007FA, appium:deviceScreenDensity: 420, appium:deviceScreenSize: 1080x2400, appium:deviceUDID: 35091FDH2007FA, appium:enableWebviewDetailsCollection: false, appium:ensureWebviewsHavePages: false, appium:headless: false, appium:javascriptEnabled: true, appium:locationContextEnabled: false, appium:mode: cloud, appium:nativeWebScreenshot: true, appium:networkConnectionEnabled: true, appium:newCommandTimeout: 0, appium:orientation: PORTRAIT, appium:pixelRatio: 2.625, appium:platformVersion: 13, appium:statBarHeight: 136, appium:systemPort: 12391, appium:takesScreenshot: true, appium:udid: 35091FDH2007FA, appium:uiautomator2ServerLaunchTimeout: 60000, appium:viewportRect: {height: 2002, left: 0, top: 136, width: 1080}, appium:waitForQuiescence: false, appium:warnings: {}, appium:webStorageEnabled: false, platformName: ANDROID}
Session ID: d61ec12f-4844-4042-b95a-3670fe273c0f
	at java.base/jdk.internal.reflect.DirectConstructorHandleAccessor.newInstance(DirectConstructorHandleAccessor.java:62)
	at java.base/java.lang.reflect.Constructor.newInstanceWithCaller(Constructor.java:502)
	at java.base/java.lang.reflect.Constructor.newInstance(Constructor.java:486)
	at org.openqa.selenium.remote.codec.w3c.W3CHttpResponseCodec.createException(W3CHttpResponseCodec.java:200)
	at org.openqa.selenium.remote.codec.w3c.W3CHttpResponseCodec.decode(W3CHttpResponseCodec.java:133)
	at org.openqa.selenium.remote.codec.w3c.W3CHttpResponseCodec.decode(W3CHttpResponseCodec.java:52)
	at org.openqa.selenium.remote.HttpCommandExecutor.execute(HttpCommandExecutor.java:191)
	at io.appium.java_client.remote.AppiumCommandExecutor.execute(AppiumCommandExecutor.java:237)
	at org.openqa.selenium.remote.RemoteWebDriver.execute(RemoteWebDriver.java:607)
	at org.openqa.selenium.remote.ElementLocation$ElementFinder$2.findElement(ElementLocation.java:165)
	at org.openqa.selenium.remote.ElementLocation.findElement(ElementLocation.java:66)
	at org.openqa.selenium.remote.RemoteWebDriver.findElement(RemoteWebDriver.java:364)
	at org.openqa.selenium.remote.RemoteWebDriver.findElement(RemoteWebDriver.java:358)
	at pages.SpeedTestPage.openBrowser(SpeedTestPage.java:27)
	at tests.DownloadTest.downloadSpeedTest(DownloadTest.java:16)
	at java.base/jdk.internal.reflect.DirectMethodHandleAccessor.invoke(DirectMethodHandleAccessor.java:103)
	at java.base/java.lang.reflect.Method.invoke(Method.java:580)
	at org.testng.internal.invokers.MethodInvocationHelper.invokeMethod(MethodInvocationHelper.java:139)
	at org.testng.internal.invokers.TestInvoker.invokeMethod(TestInvoker.java:664)
	at org.testng.internal.invokers.TestInvoker.invokeTestMethod(TestInvoker.java:228)
	at org.testng.internal.invokers.MethodRunner.runInSequence(MethodRunner.java:63)
	at org.testng.internal.invokers.TestInvoker$MethodInvocationAgent.invoke(TestInvoker.java:961)
	at org.testng.internal.invokers.TestInvoker.invokeTestMethods(TestInvoker.java:201)
	at org.testng.internal.invokers.TestMethodWorker.invokeTestMethods(TestMethodWorker.java:148)
	at org.testng.internal.invokers.TestMethodWorker.run(TestMethodWorker.java:128)
	at java.base/java.util.ArrayList.forEach(ArrayList.java:1596)
	at org.testng.TestRunner.privateRun(TestRunner.java:819)
	at org.testng.TestRunner.run(TestRunner.java:619)
	at org.testng.SuiteRunner.runTest(SuiteRunner.java:443)
	at org.testng.SuiteRunner.runSequentially(SuiteRunner.java:437)
	at org.testng.SuiteRunner.privateRun(SuiteRunner.java:397)
	at org.testng.SuiteRunner.run(SuiteRunner.java:336)
	at org.testng.SuiteRunnerWorker.runSuite(SuiteRunnerWorker.java:52)
	at org.testng.SuiteRunnerWorker.run(SuiteRunnerWorker.java:95)
	at org.testng.TestNG.runSuitesSequentially(TestNG.java:1301)
	at org.testng.TestNG.runSuitesLocally(TestNG.java:1228)
	at org.testng.TestNG.runSuites(TestNG.java:1134)
	at org.testng.TestNG.run(TestNG.java:1101)
	at org.apache.maven.surefire.testng.TestNGExecutor.run(TestNGExecutor.java:155)
	at org.apache.maven.surefire.testng.TestNGDirectoryTestSuite.executeMulti(TestNGDirectoryTestSuite.java:169)
	at org.apache.maven.surefire.testng.TestNGDirectoryTestSuite.execute(TestNGDirectoryTestSuite.java:88)
	at org.apache.maven.surefire.testng.TestNGProvider.invoke(TestNGProvider.java:137)
	at org.apache.maven.surefire.booter.ForkedBooter.runSuitesInProcess(ForkedBooter.java:385)
	at org.apache.maven.surefire.booter.ForkedBooter.execute(ForkedBooter.java:162)
	at org.apache.maven.surefire.booter.ForkedBooter.run(ForkedBooter.java:507)
	at org.apache.maven.surefire.booter.ForkedBooter.main(ForkedBooter.java:495)
]]></failure>
    <system-out><![CDATA[STEP 1: Preparing Appium LT:Options
STEP 2: Attaching LT:Options to DesiredCapabilities
STEP 3: Creating Appium session...
SESSION CREATED!
Session ID = d61ec12f-4844-4042-b95a-3670fe273c0f
]]></system-out>
  </testcase>
  <testcase name="latencyCheck" classname="tests.LatencyTest" time="23.934">
    <failure message="An element could not be located on the page using the given search parameters.&#10;For documentation on this error, please visit: https://www.selenium.dev/documentation/webdriver/troubleshooting/errors#no-such-element-exception&#10;Build info: version: &apos;4.15.0&apos;, revision: &apos;1d14b5521b&apos;&#10;System info: os.name: &apos;Windows 11&apos;, os.arch: &apos;amd64&apos;, os.version: &apos;10.0&apos;, java.version: &apos;21.0.3&apos;&#10;Driver info: io.appium.java_client.android.AndroidDriver&#10;Command: [e3602eb3-7881-4d81-b890-130aeb37ead4, findElement {using=id, value=com.lambdatest.proverbial:id/browser}]&#10;Capabilities {appium:adbExecTimeout: 120000, appium:appActivity: com.example.QAapp.SplashScr..., appium:appPackage: com.example.QAapp, appium:autoAcceptAlerts: true, appium:automationName: uiautomator2, appium:chromeOptions: {args: []}, appium:chromedriverExecutableDir: /appium/assets/drivers/chro..., appium:chromedriverPorts: [[11001, 11049]], appium:databaseEnabled: false, appium:desired: {adbExecTimeout: 120000, appActivity: com.example.QAapp.SplashScr..., appPackage: com.example.QAapp, autoAcceptAlerts: true, automationName: uiautomator2, chromeOptions: {args: []}, chromedriverExecutableDir: /appium/assets/drivers/chro..., chromedriverPorts: [[11001, 11049]], deviceName: Pixel 7, enableWebviewDetailsCollection: false, ensureWebviewsHavePages: false, headless: false, mode: cloud, nativeWebScreenshot: true, newCommandTimeout: 0, orientation: PORTRAIT, platformName: android, platformVersion: 13, systemPort: 12106, udid: 29201FDH2002EF, uiautomator2ServerLaunchTimeout: 60000, waitForQuiescence: false}, appium:deviceApiLevel: 33, appium:deviceManufacturer: Google, appium:deviceModel: Pixel 7, appium:deviceName: 29201FDH2002EF, appium:deviceScreenDensity: 420, appium:deviceScreenSize: 1080x2400, appium:deviceUDID: 29201FDH2002EF, appium:enableWebviewDetailsCollection: false, appium:ensureWebviewsHavePages: false, appium:headless: false, appium:javascriptEnabled: true, appium:locationContextEnabled: false, appium:mode: cloud, appium:nativeWebScreenshot: true, appium:networkConnectionEnabled: true, appium:newCommandTimeout: 0, appium:orientation: PORTRAIT, appium:pixelRatio: 2.625, appium:platformVersion: 13, appium:statBarHeight: 136, appium:systemPort: 12106, appium:takesScreenshot: true, appium:udid: 29201FDH2002EF, appium:uiautomator2ServerLaunchTimeout: 60000, appium:viewportRect: {height: 2002, left: 0, top: 136, width: 1080}, appium:waitForQuiescence: false, appium:warnings: {}, appium:webStorageEnabled: false, platformName: ANDROID}&#10;Session ID: e3602eb3-7881-4d81-b890-130aeb37ead4" type="org.openqa.selenium.NoSuchElementException"><![CDATA[org.openqa.selenium.NoSuchElementException: 
An element could not be located on the page using the given search parameters.
For documentation on this error, please visit: https://www.selenium.dev/documentation/webdriver/troubleshooting/errors#no-such-element-exception
Build info: version: '4.15.0', revision: '1d14b5521b'
System info: os.name: 'Windows 11', os.arch: 'amd64', os.version: '10.0', java.version: '21.0.3'
Driver info: io.appium.java_client.android.AndroidDriver
Command: [e3602eb3-7881-4d81-b890-130aeb37ead4, findElement {using=id, value=com.lambdatest.proverbial:id/browser}]
Capabilities {appium:adbExecTimeout: 120000, appium:appActivity: com.example.QAapp.SplashScr..., appium:appPackage: com.example.QAapp, appium:autoAcceptAlerts: true, appium:automationName: uiautomator2, appium:chromeOptions: {args: []}, appium:chromedriverExecutableDir: /appium/assets/drivers/chro..., appium:chromedriverPorts: [[11001, 11049]], appium:databaseEnabled: false, appium:desired: {adbExecTimeout: 120000, appActivity: com.example.QAapp.SplashScr..., appPackage: com.example.QAapp, autoAcceptAlerts: true, automationName: uiautomator2, chromeOptions: {args: []}, chromedriverExecutableDir: /appium/assets/drivers/chro..., chromedriverPorts: [[11001, 11049]], deviceName: Pixel 7, enableWebviewDetailsCollection: false, ensureWebviewsHavePages: false, headless: false, mode: cloud, nativeWebScreenshot: true, newCommandTimeout: 0, orientation: PORTRAIT, platformName: android, platformVersion: 13, systemPort: 12106, udid: 29201FDH2002EF, uiautomator2ServerLaunchTimeout: 60000, waitForQuiescence: false}, appium:deviceApiLevel: 33, appium:deviceManufacturer: Google, appium:deviceModel: Pixel 7, appium:deviceName: 29201FDH2002EF, appium:deviceScreenDensity: 420, appium:deviceScreenSize: 1080x2400, appium:deviceUDID: 29201FDH2002EF, appium:enableWebviewDetailsCollection: false, appium:ensureWebviewsHavePages: false, appium:headless: false, appium:javascriptEnabled: true, appium:locationContextEnabled: false, appium:mode: cloud, appium:nativeWebScreenshot: true, appium:networkConnectionEnabled: true, appium:newCommandTimeout: 0, appium:orientation: PORTRAIT, appium:pixelRatio: 2.625, appium:platformVersion: 13, appium:statBarHeight: 136, appium:systemPort: 12106, appium:takesScreenshot: true, appium:udid: 29201FDH2002EF, appium:uiautomator2ServerLaunchTimeout: 60000, appium:viewportRect: {height: 2002, left: 0, top: 136, width: 1080}, appium:waitForQuiescence: false, appium:warnings: {}, appium:webStorageEnabled: false, platformName: ANDROID}
Session ID: e3602eb3-7881-4d81-b890-130aeb37ead4
	at java.base/jdk.internal.reflect.DirectConstructorHandleAccessor.newInstance(DirectConstructorHandleAccessor.java:62)
	at java.base/java.lang.reflect.Constructor.newInstanceWithCaller(Constructor.java:502)
	at java.base/java.lang.reflect.Constructor.newInstance(Constructor.java:486)
	at org.openqa.selenium.remote.codec.w3c.W3CHttpResponseCodec.createException(W3CHttpResponseCodec.java:200)
	at org.openqa.selenium.remote.codec.w3c.W3CHttpResponseCodec.decode(W3CHttpResponseCodec.java:133)
	at org.openqa.selenium.remote.codec.w3c.W3CHttpResponseCodec.decode(W3CHttpResponseCodec.java:52)
	at org.openqa.selenium.remote.HttpCommandExecutor.execute(HttpCommandExecutor.java:191)
	at io.appium.java_client.remote.AppiumCommandExecutor.execute(AppiumCommandExecutor.java:237)
	at org.openqa.selenium.remote.RemoteWebDriver.execute(RemoteWebDriver.java:607)
	at org.openqa.selenium.remote.ElementLocation$ElementFinder$2.findElement(ElementLocation.java:165)
	at org.openqa.selenium.remote.ElementLocation.findElement(ElementLocation.java:66)
	at org.openqa.selenium.remote.RemoteWebDriver.findElement(RemoteWebDriver.java:364)
	at org.openqa.selenium.remote.RemoteWebDriver.findElement(RemoteWebDriver.java:358)
	at pages.SpeedTestPage.openBrowser(SpeedTestPage.java:27)
	at tests.LatencyTest.latencyCheck(LatencyTest.java:16)
	at java.base/jdk.internal.reflect.DirectMethodHandleAccessor.invoke(DirectMethodHandleAccessor.java:103)
	at java.base/java.lang.reflect.Method.invoke(Method.java:580)
	at org.testng.internal.invokers.MethodInvocationHelper.invokeMethod(MethodInvocationHelper.java:139)
	at org.testng.internal.invokers.TestInvoker.invokeMethod(TestInvoker.java:664)
	at org.testng.internal.invokers.TestInvoker.invokeTestMethod(TestInvoker.java:228)
	at org.testng.internal.invokers.MethodRunner.runInSequence(MethodRunner.java:63)
	at org.testng.internal.invokers.TestInvoker$MethodInvocationAgent.invoke(TestInvoker.java:961)
	at org.testng.internal.invokers.TestInvoker.invokeTestMethods(TestInvoker.java:201)
	at org.testng.internal.invokers.TestMethodWorker.invokeTestMethods(TestMethodWorker.java:148)
	at org.testng.internal.invokers.TestMethodWorker.run(TestMethodWorker.java:128)
	at java.base/java.util.ArrayList.forEach(ArrayList.java:1596)
	at org.testng.TestRunner.privateRun(TestRunner.java:819)
	at org.testng.TestRunner.run(TestRunner.java:619)
	at org.testng.SuiteRunner.runTest(SuiteRunner.java:443)
	at org.testng.SuiteRunner.runSequentially(SuiteRunner.java:437)
	at org.testng.SuiteRunner.privateRun(SuiteRunner.java:397)
	at org.testng.SuiteRunner.run(SuiteRunner.java:336)
	at org.testng.SuiteRunnerWorker.runSuite(SuiteRunnerWorker.java:52)
	at org.testng.SuiteRunnerWorker.run(SuiteRunnerWorker.java:95)
	at org.testng.TestNG.runSuitesSequentially(TestNG.java:1301)
	at org.testng.TestNG.runSuitesLocally(TestNG.java:1228)
	at org.testng.TestNG.runSuites(TestNG.java:1134)
	at org.testng.TestNG.run(TestNG.java:1101)
	at org.apache.maven.surefire.testng.TestNGExecutor.run(TestNGExecutor.java:155)
	at org.apache.maven.surefire.testng.TestNGDirectoryTestSuite.executeMulti(TestNGDirectoryTestSuite.java:169)
	at org.apache.maven.surefire.testng.TestNGDirectoryTestSuite.execute(TestNGDirectoryTestSuite.java:88)
	at org.apache.maven.surefire.testng.TestNGProvider.invoke(TestNGProvider.java:137)
	at org.apache.maven.surefire.booter.ForkedBooter.runSuitesInProcess(ForkedBooter.java:385)
	at org.apache.maven.surefire.booter.ForkedBooter.execute(ForkedBooter.java:162)
	at org.apache.maven.surefire.booter.ForkedBooter.run(ForkedBooter.java:507)
	at org.apache.maven.surefire.booter.ForkedBooter.main(ForkedBooter.java:495)
]]></failure>
    <system-out><![CDATA[STEP 1: Preparing Appium LT:Options
STEP 2: Attaching LT:Options to DesiredCapabilities
STEP 3: Creating Appium session...
SESSION CREATED!
Session ID = e3602eb3-7881-4d81-b890-130aeb37ead4
]]></system-out>
  </testcase>
  <testcase name="uploadSpeedTest" classname="tests.UploadTest" time="22.625">
    <failure message="An element could not be located on the page using the given search parameters.&#10;For documentation on this error, please visit: https://www.selenium.dev/documentation/webdriver/troubleshooting/errors#no-such-element-exception&#10;Build info: version: &apos;4.15.0&apos;, revision: &apos;1d14b5521b&apos;&#10;System info: os.name: &apos;Windows 11&apos;, os.arch: &apos;amd64&apos;, os.version: &apos;10.0&apos;, java.version: &apos;21.0.3&apos;&#10;Driver info: io.appium.java_client.android.AndroidDriver&#10;Command: [2fd5bea9-0e2c-46e9-8c60-1fb0750371ad, findElement {using=id, value=com.lambdatest.proverbial:id/browser}]&#10;Capabilities {appium:adbExecTimeout: 120000, appium:appActivity: com.example.QAapp.SplashScr..., appium:appPackage: com.example.QAapp, appium:autoAcceptAlerts: true, appium:automationName: uiautomator2, appium:chromeOptions: {args: []}, appium:chromedriverExecutableDir: /appium/assets/drivers/chro..., appium:chromedriverPorts: [[11001, 11049]], appium:databaseEnabled: false, appium:desired: {adbExecTimeout: 120000, appActivity: com.example.QAapp.SplashScr..., appPackage: com.example.QAapp, autoAcceptAlerts: true, automationName: uiautomator2, chromeOptions: {args: []}, chromedriverExecutableDir: /appium/assets/drivers/chro..., chromedriverPorts: [[11001, 11049]], deviceName: Pixel 7, enableWebviewDetailsCollection: false, ensureWebviewsHavePages: false, headless: false, mode: cloud, nativeWebScreenshot: true, newCommandTimeout: 0, orientation: PORTRAIT, platformName: android, platformVersion: 13, systemPort: 12151, udid: 35091FDH2002GS, uiautomator2ServerLaunchTimeout: 60000, waitForQuiescence: false}, appium:deviceApiLevel: 33, appium:deviceManufacturer: Google, appium:deviceModel: Pixel 7, appium:deviceName: 35091FDH2002GS, appium:deviceScreenDensity: 420, appium:deviceScreenSize: 1080x2400, appium:deviceUDID: 35091FDH2002GS, appium:enableWebviewDetailsCollection: false, appium:ensureWebviewsHavePages: false, appium:headless: false, appium:javascriptEnabled: true, appium:locationContextEnabled: false, appium:mode: cloud, appium:nativeWebScreenshot: true, appium:networkConnectionEnabled: true, appium:newCommandTimeout: 0, appium:orientation: PORTRAIT, appium:pixelRatio: 2.625, appium:platformVersion: 13, appium:statBarHeight: 136, appium:systemPort: 12151, appium:takesScreenshot: true, appium:udid: 35091FDH2002GS, appium:uiautomator2ServerLaunchTimeout: 60000, appium:viewportRect: {height: 2002, left: 0, top: 136, width: 1080}, appium:waitForQuiescence: false, appium:warnings: {}, appium:webStorageEnabled: false, platformName: ANDROID}&#10;Session ID: 2fd5bea9-0e2c-46e9-8c60-1fb0750371ad" type="org.openqa.selenium.NoSuchElementException"><![CDATA[org.openqa.selenium.NoSuchElementException: 
An element could not be located on the page using the given search parameters.
For documentation on this error, please visit: https://www.selenium.dev/documentation/webdriver/troubleshooting/errors#no-such-element-exception
Build info: version: '4.15.0', revision: '1d14b5521b'
System info: os.name: 'Windows 11', os.arch: 'amd64', os.version: '10.0', java.version: '21.0.3'
Driver info: io.appium.java_client.android.AndroidDriver
Command: [2fd5bea9-0e2c-46e9-8c60-1fb0750371ad, findElement {using=id, value=com.lambdatest.proverbial:id/browser}]
Capabilities {appium:adbExecTimeout: 120000, appium:appActivity: com.example.QAapp.SplashScr..., appium:appPackage: com.example.QAapp, appium:autoAcceptAlerts: true, appium:automationName: uiautomator2, appium:chromeOptions: {args: []}, appium:chromedriverExecutableDir: /appium/assets/drivers/chro..., appium:chromedriverPorts: [[11001, 11049]], appium:databaseEnabled: false, appium:desired: {adbExecTimeout: 120000, appActivity: com.example.QAapp.SplashScr..., appPackage: com.example.QAapp, autoAcceptAlerts: true, automationName: uiautomator2, chromeOptions: {args: []}, chromedriverExecutableDir: /appium/assets/drivers/chro..., chromedriverPorts: [[11001, 11049]], deviceName: Pixel 7, enableWebviewDetailsCollection: false, ensureWebviewsHavePages: false, headless: false, mode: cloud, nativeWebScreenshot: true, newCommandTimeout: 0, orientation: PORTRAIT, platformName: android, platformVersion: 13, systemPort: 12151, udid: 35091FDH2002GS, uiautomator2ServerLaunchTimeout: 60000, waitForQuiescence: false}, appium:deviceApiLevel: 33, appium:deviceManufacturer: Google, appium:deviceModel: Pixel 7, appium:deviceName: 35091FDH2002GS, appium:deviceScreenDensity: 420, appium:deviceScreenSize: 1080x2400, appium:deviceUDID: 35091FDH2002GS, appium:enableWebviewDetailsCollection: false, appium:ensureWebviewsHavePages: false, appium:headless: false, appium:javascriptEnabled: true, appium:locationContextEnabled: false, appium:mode: cloud, appium:nativeWebScreenshot: true, appium:networkConnectionEnabled: true, appium:newCommandTimeout: 0, appium:orientation: PORTRAIT, appium:pixelRatio: 2.625, appium:platformVersion: 13, appium:statBarHeight: 136, appium:systemPort: 12151, appium:takesScreenshot: true, appium:udid: 35091FDH2002GS, appium:uiautomator2ServerLaunchTimeout: 60000, appium:viewportRect: {height: 2002, left: 0, top: 136, width: 1080}, appium:waitForQuiescence: false, appium:warnings: {}, appium:webStorageEnabled: false, platformName: ANDROID}
Session ID: 2fd5bea9-0e2c-46e9-8c60-1fb0750371ad
	at java.base/jdk.internal.reflect.DirectConstructorHandleAccessor.newInstance(DirectConstructorHandleAccessor.java:62)
	at java.base/java.lang.reflect.Constructor.newInstanceWithCaller(Constructor.java:502)
	at java.base/java.lang.reflect.Constructor.newInstance(Constructor.java:486)
	at org.openqa.selenium.remote.codec.w3c.W3CHttpResponseCodec.createException(W3CHttpResponseCodec.java:200)
	at org.openqa.selenium.remote.codec.w3c.W3CHttpResponseCodec.decode(W3CHttpResponseCodec.java:133)
	at org.openqa.selenium.remote.codec.w3c.W3CHttpResponseCodec.decode(W3CHttpResponseCodec.java:52)
	at org.openqa.selenium.remote.HttpCommandExecutor.execute(HttpCommandExecutor.java:191)
	at io.appium.java_client.remote.AppiumCommandExecutor.execute(AppiumCommandExecutor.java:237)
	at org.openqa.selenium.remote.RemoteWebDriver.execute(RemoteWebDriver.java:607)
	at org.openqa.selenium.remote.ElementLocation$ElementFinder$2.findElement(ElementLocation.java:165)
	at org.openqa.selenium.remote.ElementLocation.findElement(ElementLocation.java:66)
	at org.openqa.selenium.remote.RemoteWebDriver.findElement(RemoteWebDriver.java:364)
	at org.openqa.selenium.remote.RemoteWebDriver.findElement(RemoteWebDriver.java:358)
	at pages.SpeedTestPage.openBrowser(SpeedTestPage.java:27)
	at tests.UploadTest.uploadSpeedTest(UploadTest.java:16)
	at java.base/jdk.internal.reflect.DirectMethodHandleAccessor.invoke(DirectMethodHandleAccessor.java:103)
	at java.base/java.lang.reflect.Method.invoke(Method.java:580)
	at org.testng.internal.invokers.MethodInvocationHelper.invokeMethod(MethodInvocationHelper.java:139)
	at org.testng.internal.invokers.TestInvoker.invokeMethod(TestInvoker.java:664)
	at org.testng.internal.invokers.TestInvoker.invokeTestMethod(TestInvoker.java:228)
	at org.testng.internal.invokers.MethodRunner.runInSequence(MethodRunner.java:63)
	at org.testng.internal.invokers.TestInvoker$MethodInvocationAgent.invoke(TestInvoker.java:961)
	at org.testng.internal.invokers.TestInvoker.invokeTestMethods(TestInvoker.java:201)
	at org.testng.internal.invokers.TestMethodWorker.invokeTestMethods(TestMethodWorker.java:148)
	at org.testng.internal.invokers.TestMethodWorker.run(TestMethodWorker.java:128)
	at java.base/java.util.ArrayList.forEach(ArrayList.java:1596)
	at org.testng.TestRunner.privateRun(TestRunner.java:819)
	at org.testng.TestRunner.run(TestRunner.java:619)
	at org.testng.SuiteRunner.runTest(SuiteRunner.java:443)
	at org.testng.SuiteRunner.runSequentially(SuiteRunner.java:437)
	at org.testng.SuiteRunner.privateRun(SuiteRunner.java:397)
	at org.testng.SuiteRunner.run(SuiteRunner.java:336)
	at org.testng.SuiteRunnerWorker.runSuite(SuiteRunnerWorker.java:52)
	at org.testng.SuiteRunnerWorker.run(SuiteRunnerWorker.java:95)
	at org.testng.TestNG.runSuitesSequentially(TestNG.java:1301)
	at org.testng.TestNG.runSuitesLocally(TestNG.java:1228)
	at org.testng.TestNG.runSuites(TestNG.java:1134)
	at org.testng.TestNG.run(TestNG.java:1101)
	at org.apache.maven.surefire.testng.TestNGExecutor.run(TestNGExecutor.java:155)
	at org.apache.maven.surefire.testng.TestNGDirectoryTestSuite.executeMulti(TestNGDirectoryTestSuite.java:169)
	at org.apache.maven.surefire.testng.TestNGDirectoryTestSuite.execute(TestNGDirectoryTestSuite.java:88)
	at org.apache.maven.surefire.testng.TestNGProvider.invoke(TestNGProvider.java:137)
	at org.apache.maven.surefire.booter.ForkedBooter.runSuitesInProcess(ForkedBooter.java:385)
	at org.apache.maven.surefire.booter.ForkedBooter.execute(ForkedBooter.java:162)
	at org.apache.maven.surefire.booter.ForkedBooter.run(ForkedBooter.java:507)
	at org.apache.maven.surefire.booter.ForkedBooter.main(ForkedBooter.java:495)
]]></failure>
    <system-out><![CDATA[STEP 1: Preparing Appium LT:Options
STEP 2: Attaching LT:Options to DesiredCapabilities
STEP 3: Creating Appium session...
SESSION CREATED!
Session ID = 2fd5bea9-0e2c-46e9-8c60-1fb0750371ad
]]></system-out>
  </testcase>
</testsuite>