<?xml version="1.0" encoding="UTF-8"?>
<!-- Generated by org.testng.reporters.JUnitXMLReporter -->
<testsuite ignored="0" hostname="RaghavendraIL" failures="0" tests="1" name="Connection Test" time="4.087" errors="0" timestamp="2025-12-04T03:19:40 IST">
  <testcase classname="com.raghavendra.lambdatest.tests.BaseTest" name="@BeforeMethod setUp" time="4.048">
    <failure type="org.openqa.selenium.SessionNotCreatedException" message="Could not start a new session. Response code 500. Message: ba74bbcdf1a2a294c59320fa65f3a66f: Oops! We are unable to process your test at the moment. Please try again after sometime. 
Host info: host: &amp;apos;RAGHAVENDRAIL&amp;apos;, ip: &amp;apos;192.168.0.11&amp;apos;
Build info: version: &amp;apos;4.25.0&amp;apos;, revision: &amp;apos;8a8aea2337&amp;apos;
System info: os.name: &amp;apos;Windows 11&amp;apos;, os.arch: &amp;apos;amd64&amp;apos;, os.version: &amp;apos;10.0&amp;apos;, java.version: &amp;apos;21.0.3&amp;apos;
Driver info: io.appium.java_client.android.AndroidDriver
Command: [null, newSession {desiredCapabilities=Capabilities {app: lt://APP1016060671764797351..., build: LambdaTest Mobile Assignment, deviceName: Galaxy S11, isRealMobile: true, name: SpeedTest Connection Test, platformName: ANDROID, platformVersion: 12}, capabilities=[{appium:name=SpeedTest Connection Test, appium:isRealMobile=true, appium:platformVersion=12, appium:app=lt://APP1016060671764797351937344, appium:deviceName=Galaxy S11, platformName=ANDROID, appium:build=LambdaTest Mobile Assignment}]}]
Capabilities {app: lt://APP1016060671764797351..., build: LambdaTest Mobile Assignment, deviceName: Galaxy S11, isRealMobile: true, name: SpeedTest Connection Test, platformName: ANDROID, platformVersion: 12}">
      <![CDATA[org.openqa.selenium.SessionNotCreatedException: Could not start a new session. Response code 500. Message: ba74bbcdf1a2a294c59320fa65f3a66f: Oops! We are unable to process your test at the moment. Please try again after sometime. 
Host info: host: 'RAGHAVENDRAIL', ip: '192.168.0.11'
Build info: version: '4.25.0', revision: '8a8aea2337'
System info: os.name: 'Windows 11', os.arch: 'amd64', os.version: '10.0', java.version: '21.0.3'
Driver info: io.appium.java_client.android.AndroidDriver
Command: [null, newSession {desiredCapabilities=Capabilities {app: lt://APP1016060671764797351..., build: LambdaTest Mobile Assignment, deviceName: Galaxy S11, isRealMobile: true, name: SpeedTest Connection Test, platformName: ANDROID, platformVersion: 12}, capabilities=[{appium:name=SpeedTest Connection Test, appium:isRealMobile=true, appium:platformVersion=12, appium:app=lt://APP1016060671764797351937344, appium:deviceName=Galaxy S11, platformName=ANDROID, appium:build=LambdaTest Mobile Assignment}]}]
Capabilities {app: lt://APP1016060671764797351..., build: LambdaTest Mobile Assignment, deviceName: Galaxy S11, isRealMobile: true, name: SpeedTest Connection Test, platformName: ANDROID, platformVersion: 12}
at org.openqa.selenium.remote.ProtocolHandshake.createSession(ProtocolHandshake.java:114)
at io.appium.java_client.remote.AppiumProtocolHandshake.createSession(AppiumProtocolHandshake.java:116)
at io.appium.java_client.remote.AppiumProtocolHandshake.createSession(AppiumProtocolHandshake.java:96)
at io.appium.java_client.remote.AppiumCommandExecutor.createSession(AppiumCommandExecutor.java:176)
at io.appium.java_client.remote.AppiumCommandExecutor.execute(AppiumCommandExecutor.java:237)
at org.openqa.selenium.remote.RemoteWebDriver.execute(RemoteWebDriver.java:545)
at io.appium.java_client.AppiumDriver.startSession(AppiumDriver.java:268)
at org.openqa.selenium.remote.RemoteWebDriver.<init>(RemoteWebDriver.java:174)
at io.appium.java_client.AppiumDriver.<init>(AppiumDriver.java:90)
at io.appium.java_client.AppiumDriver.<init>(AppiumDriver.java:102)
at io.appium.java_client.android.AndroidDriver.<init>(AndroidDriver.java:109)
at com.raghavendra.lambdatest.base.DriverFactory.initDriver(DriverFactory.java:35)
at com.raghavendra.lambdatest.tests.BaseTest.setUp(BaseTest.java:12)
at java.base/java.util.ArrayList.forEach(ArrayList.java:1596)
... Removed 35 stack frames]]>
    </failure>
  </testcase> <!-- @BeforeMethod setUp -->
  <testcase classname="com.raghavendra.lambdatest.tests.BaseTest" name="@AfterMethod tearDown" time="0.0">
    <skipped/>
  </testcase> <!-- @AfterMethod tearDown -->
  <testcase classname="com.raghavendra.lambdatest.tests.ConnectionTest" name="verifyAppLaunchesOnLambdaTest" time="0.0">
    <skipped/>
  </testcase> <!-- verifyAppLaunchesOnLambdaTest -->
</testsuite> <!-- Connection Test -->
