<?xml version="1.0" encoding="UTF-8"?>
<!-- Generated by org.testng.reporters.JUnitXMLReporter -->
<testsuite ignored="0" hostname="RaghavendraIL" failures="1" tests="1" name="Speed Test" time="5.417" errors="0" timestamp="2025-12-04T23:36:25 IST">
  <testcase classname="tests.DownloadTest" name="testConnection" time="5.379">
    <failure type="org.openqa.selenium.SessionNotCreatedException" message="Could not start a new session. Response code 400. Message: 53b418427d3b10e7d2505ab9fb115881: Invalid test parameters: [APP_OS_MISMATCH] The app_id lt://APP1016060671764862331296283 specified in the &amp;apos;app&amp;apos; params doesn&amp;apos;t match the selected Platform. Please specify a valid app_id for the specified platform. 
Host info: host: &amp;apos;RAGHAVENDRAIL&amp;apos;, ip: &amp;apos;192.168.0.9&amp;apos;
Build info: version: &amp;apos;4.38.0&amp;apos;, revision: &amp;apos;6b412e825c*&amp;apos;
System info: os.name: &amp;apos;Windows 11&amp;apos;, os.arch: &amp;apos;amd64&amp;apos;, os.version: &amp;apos;10.0&amp;apos;, java.version: &amp;apos;17.0.10&amp;apos;
Driver info: org.openqa.selenium.remote.RemoteWebDriver
Command: [null, newSession {capabilities=[Capabilities {lt:options: Capabilities {app: lt://APP...}]}]
Capabilities {lt:options: Capabilities {app: lt://APP...}">
      <![CDATA[org.openqa.selenium.SessionNotCreatedException: Could not start a new session. Response code 400. Message: 53b418427d3b10e7d2505ab9fb115881: Invalid test parameters: [APP_OS_MISMATCH] The app_id lt://APP1016060671764862331296283 specified in the 'app' params doesn't match the selected Platform. Please specify a valid app_id for the specified platform. 
Host info: host: 'RAGHAVENDRAIL', ip: '192.168.0.9'
Build info: version: '4.38.0', revision: '6b412e825c*'
System info: os.name: 'Windows 11', os.arch: 'amd64', os.version: '10.0', java.version: '17.0.10'
Driver info: org.openqa.selenium.remote.RemoteWebDriver
Command: [null, newSession {capabilities=[Capabilities {lt:options: Capabilities {app: lt://APP...}]}]
Capabilities {lt:options: Capabilities {app: lt://APP...}
at org.openqa.selenium.remote.ProtocolHandshake.createSession(ProtocolHandshake.java:114)
at org.openqa.selenium.remote.ProtocolHandshake.createSession(ProtocolHandshake.java:75)
at org.openqa.selenium.remote.ProtocolHandshake.createSession(ProtocolHandshake.java:61)
at org.openqa.selenium.remote.HttpCommandExecutor.execute(HttpCommandExecutor.java:187)
at org.openqa.selenium.remote.TracedCommandExecutor.execute(TracedCommandExecutor.java:53)
at org.openqa.selenium.remote.RemoteWebDriver.execute(RemoteWebDriver.java:557)
at org.openqa.selenium.remote.RemoteWebDriver.startSession(RemoteWebDriver.java:246)
at org.openqa.selenium.remote.RemoteWebDriver.<init>(RemoteWebDriver.java:174)
at org.openqa.selenium.remote.RemoteWebDriver.<init>(RemoteWebDriver.java:152)
at base.BaseDriver.startDriver(BaseDriver.java:38)
at tests.DownloadTest.testConnection(DownloadTest.java:12)
at java.base/java.util.ArrayList.forEach(ArrayList.java:1511)
... Removed 27 stack frames]]>
    </failure>
  </testcase> <!-- testConnection -->
</testsuite> <!-- Speed Test -->
